SF:lib\models\animal.dart
DA:19,0
DA:35,0
DA:36,0
DA:37,0
DA:38,0
DA:39,0
DA:40,0
DA:41,0
DA:42,0
DA:43,0
DA:44,0
DA:45,0
DA:46,0
DA:47,0
DA:48,0
DA:49,0
DA:50,0
DA:55,0
DA:56,0
DA:57,0
DA:58,0
DA:59,0
DA:60,0
DA:61,0
DA:62,0
DA:63,0
DA:64,0
DA:65,0
DA:66,0
DA:67,0
DA:68,0
DA:69,0
DA:84,0
DA:95,0
DA:97,0
DA:98,0
DA:99,0
DA:102,0
DA:103,0
DA:104,0
DA:105,0
DA:106,0
DA:107,0
DA:108,0
DA:109,0
DA:114,0
DA:115,0
DA:116,0
DA:117,0
DA:118,0
DA:119,0
DA:120,0
DA:121,0
DA:122,0
DA:123,0
DA:133,0
DA:139,0
DA:140,0
DA:141,0
DA:143,0
DA:144,0
DA:145,0
DA:156,0
DA:162,0
DA:163,0
DA:164,0
DA:166,0
DA:167,0
DA:168,0
DA:182,0
DA:190,0
DA:191,0
DA:192,0
DA:193,0
DA:194,0
DA:195,0
DA:196,0
DA:200,0
DA:201,0
DA:202,0
DA:203,0
DA:204,0
DA:205,0
DA:206,0
DA:210,0
DA:213,0
DA:214,0
DA:215,0
DA:216,0
DA:217,0
DA:218,0
DA:220,0
DA:222,0
DA:223,0
DA:224,0
DA:225,0
DA:237,0
DA:246,0
DA:247,0
DA:248,0
DA:249,0
DA:250,0
DA:251,0
DA:252,0
DA:253,0
DA:257,0
DA:258,0
DA:259,0
DA:260,0
DA:261,0
DA:262,0
DA:263,0
DA:264,0
DA:275,0
DA:294,0
DA:296,0
DA:297,0
DA:298,0
DA:299,0
DA:303,0
DA:304,0
DA:305,0
DA:306,0
DA:311,0
DA:312,0
DA:315,0
DA:316,0
DA:317,0
DA:318,0
DA:319,0
DA:320,0
DA:321,0
DA:322,0
DA:323,0
DA:324,0
DA:325,0
DA:326,0
DA:327,0
DA:328,0
DA:329,0
DA:337,0
DA:338,0
DA:339,0
DA:340,0
DA:341,0
DA:342,0
DA:343,0
DA:344,0
DA:345,0
DA:346,0
DA:347,0
DA:348,0
DA:349,0
DA:350,0
DA:351,0
DA:352,0
DA:353,0
DA:354,0
DA:365,0
DA:371,0
DA:372,0
DA:373,0
DA:374,0
DA:375,0
LF:164
LH:0
end_of_record
SF:lib\models\finca.dart
DA:9,0
DA:18,0
DA:19,0
DA:20,0
DA:21,0
DA:22,0
DA:23,0
DA:24,0
DA:25,0
DA:29,0
DA:30,0
DA:31,0
DA:32,0
DA:33,0
DA:34,0
DA:35,0
DA:36,0
DA:51,0
DA:62,0
DA:63,0
DA:64,0
DA:65,0
DA:66,0
DA:67,0
DA:68,0
DA:69,0
DA:70,0
DA:71,0
DA:72,0
DA:77,0
DA:78,0
DA:79,0
DA:80,0
DA:81,0
DA:82,0
DA:83,0
DA:84,0
DA:85,0
DA:86,0
DA:96,0
DA:102,0
DA:103,0
DA:104,0
DA:106,0
DA:107,0
DA:108,0
LF:46
LH:0
end_of_record
SF:lib\models\configuration_models.dart
DA:10,0
DA:12,0
DA:13,0
DA:14,0
DA:15,0
DA:16,0
DA:20,0
DA:21,0
DA:30,0
DA:32,0
DA:33,0
DA:34,0
DA:35,0
DA:36,0
DA:40,0
DA:41,0
DA:50,0
DA:56,0
DA:57,0
DA:58,0
DA:59,0
DA:60,0
DA:64,0
DA:65,0
DA:74,0
DA:80,0
DA:81,0
DA:82,0
DA:83,0
DA:84,0
DA:88,0
DA:89,0
DA:98,0
DA:104,0
DA:105,0
DA:106,0
DA:107,0
DA:108,0
DA:112,0
DA:113,0
DA:124,0
DA:131,0
DA:132,0
DA:133,0
DA:134,0
DA:135,0
DA:136,0
DA:140,0
DA:141,0
DA:142,0
DA:143,0
DA:144,0
DA:145,0
DA:157,0
DA:164,0
DA:165,0
DA:166,0
DA:167,0
DA:168,0
DA:169,0
DA:173,0
DA:174,0
DA:175,0
DA:176,0
DA:177,0
DA:178,0
DA:189,0
DA:195,0
DA:196,0
DA:197,0
DA:198,0
DA:199,0
DA:203,0
DA:204,0
DA:205,0
DA:206,0
DA:207,0
DA:217,0
DA:223,0
DA:224,0
DA:225,0
DA:226,0
DA:227,0
DA:231,0
DA:232,0
DA:233,0
DA:234,0
DA:235,0
DA:251,0
DA:262,0
DA:263,0
DA:264,0
DA:265,0
DA:266,0
DA:267,0
DA:268,0
DA:269,0
DA:270,0
DA:271,0
DA:275,0
DA:276,0
DA:277,0
DA:278,0
DA:279,0
DA:280,0
DA:281,0
DA:282,0
DA:283,0
DA:284,0
DA:295,0
DA:301,0
DA:302,0
DA:303,0
DA:304,0
DA:305,0
DA:306,0
DA:307,0
DA:318,0
DA:324,0
DA:325,0
DA:326,0
DA:327,0
DA:328,0
DA:329,0
DA:330,0
DA:343,0
DA:350,0
DA:354,0
DA:355,0
DA:356,0
DA:357,0
DA:358,0
DA:380,0
DA:397,0
DA:398,0
DA:399,0
DA:400,0
DA:401,0
DA:402,0
DA:403,0
DA:404,0
DA:405,0
DA:406,0
DA:407,0
DA:408,0
DA:409,0
DA:410,0
DA:411,0
DA:412,0
DA:416,0
DA:417,0
DA:418,0
DA:419,0
DA:420,0
DA:421,0
DA:422,0
DA:423,0
DA:424,0
DA:425,0
DA:426,0
DA:427,0
DA:428,0
DA:429,0
DA:430,0
DA:431,0
DA:442,0
DA:448,0
DA:449,0
DA:450,0
DA:451,0
DA:452,0
DA:457,0
DA:460,0
DA:462,0
DA:463,0
DA:465,0
DA:466,0
DA:467,0
DA:468,0
DA:469,0
DA:473,0
DA:474,0
DA:475,0
DA:487,0
DA:493,0
DA:497,0
DA:498,0
DA:499,0
DA:500,0
LF:189
LH:0
end_of_record
SF:lib\services\auth_service.dart
DA:21,1
DA:22,1
DA:23,1
DA:24,1
DA:28,1
DA:29,1
DA:30,1
DA:34,1
DA:35,1
DA:36,1
DA:40,1
DA:41,1
DA:42,1
DA:46,0
DA:47,0
DA:48,0
DA:52,0
DA:53,0
DA:54,0
DA:58,1
DA:59,1
DA:63,0
DA:64,0
DA:67,0
DA:68,0
DA:70,0
DA:74,0
DA:75,0
DA:81,1
DA:82,1
DA:83,3
DA:87,0
DA:88,0
DA:89,0
DA:91,0
DA:97,0
DA:98,0
DA:99,0
DA:100,0
DA:101,0
DA:105,0
DA:112,1
DA:113,1
DA:114,1
DA:118,1
DA:121,1
DA:123,1
DA:124,2
DA:131,0
DA:133,0
DA:134,0
DA:140,0
DA:146,0
DA:156,1
DA:161,1
DA:162,1
DA:167,1
DA:168,0
DA:171,0
DA:175,0
DA:181,4
DA:182,0
DA:186,0
DA:192,1
DA:196,1
DA:200,1
DA:205,1
DA:206,1
DA:207,1
DA:211,1
DA:214,1
DA:215,1
DA:221,1
DA:222,1
DA:223,1
DA:227,1
DA:231,3
DA:232,1
DA:233,1
DA:235,1
DA:236,1
DA:240,1
DA:248,1
DA:249,1
DA:258,0
DA:260,0
DA:263,0
DA:266,0
DA:270,0
DA:274,0
DA:275,0
DA:276,0
DA:280,0
DA:282,0
DA:284,0
DA:285,0
DA:287,0
DA:290,0
DA:293,0
DA:294,0
DA:297,0
DA:298,0
DA:302,0
DA:303,0
DA:309,0
DA:310,0
DA:313,0
DA:315,0
DA:316,0
DA:320,0
DA:321,0
DA:322,0
DA:326,0
DA:328,0
DA:331,0
DA:332,0
DA:337,0
DA:339,0
DA:344,0
DA:350,0
DA:355,0
DA:357,0
DA:359,0
DA:362,0
DA:363,0
DA:364,0
DA:366,0
DA:369,0
DA:371,0
DA:372,0
DA:373,0
DA:379,0
DA:383,0
DA:386,0
DA:388,0
DA:394,0
DA:395,0
DA:399,0
DA:402,0
DA:406,0
DA:410,0
DA:412,0
DA:417,0
DA:419,0
DA:423,0
DA:427,0
DA:428,0
DA:429,0
DA:431,0
DA:434,0
DA:436,0
DA:437,0
DA:438,0
DA:440,0
DA:446,0
DA:450,0
DA:451,0
DA:454,0
DA:456,0
DA:457,0
DA:461,0
DA:462,0
DA:463,0
DA:467,0
DA:469,0
DA:472,0
DA:473,0
DA:477,0
DA:480,0
DA:485,0
DA:486,0
DA:490,0
DA:493,0
DA:497,0
DA:501,0
DA:503,0
DA:508,0
DA:510,0
DA:514,0
DA:518,0
DA:519,0
DA:520,0
DA:522,0
DA:525,0
DA:527,0
DA:528,0
DA:529,0
DA:532,0
DA:533,0
DA:538,0
DA:542,0
DA:543,0
DA:546,0
DA:548,0
DA:549,0
DA:553,0
DA:554,0
DA:555,0
DA:559,0
DA:561,0
DA:564,0
DA:565,0
DA:569,0
DA:572,0
DA:577,0
DA:579,0
DA:581,0
DA:589,0
DA:591,0
DA:598,0
DA:599,0
DA:603,0
DA:605,0
DA:606,0
DA:607,0
DA:611,0
DA:617,0
DA:622,0
DA:625,0
DA:631,0
DA:632,0
DA:636,0
DA:639,0
DA:643,0
DA:647,0
DA:649,0
DA:654,0
DA:656,0
DA:660,0
DA:663,0
DA:664,0
DA:667,0
DA:670,0
DA:673,0
DA:674,0
DA:675,0
DA:676,0
DA:680,0
DA:681,0
DA:682,0
DA:684,0
DA:687,0
DA:689,0
DA:690,0
DA:691,0
DA:694,0
DA:695,0
DA:700,0
DA:704,0
DA:705,0
DA:708,0
DA:710,0
DA:711,0
DA:715,0
DA:716,0
DA:717,0
DA:721,0
DA:723,0
DA:726,0
DA:727,0
DA:731,0
DA:734,0
DA:739,0
DA:740,0
DA:741,0
DA:747,0
DA:750,0
DA:754,0
DA:758,0
DA:760,0
DA:765,0
DA:767,0
DA:771,0
DA:774,0
DA:777,0
DA:778,0
DA:779,0
DA:782,0
DA:785,0
DA:787,0
DA:789,0
DA:790,0
DA:794,0
DA:800,0
DA:801,0
DA:806,0
DA:807,0
DA:810,0
DA:811,0
DA:814,0
DA:817,0
DA:818,0
DA:821,0
DA:823,0
DA:824,0
DA:828,0
DA:829,0
DA:830,0
DA:834,0
DA:836,0
DA:839,0
DA:840,0
DA:844,0
DA:847,0
DA:852,0
DA:854,0
DA:859,0
DA:862,0
DA:863,0
DA:867,0
DA:873,0
DA:878,0
DA:883,0
DA:884,0
DA:888,0
DA:891,0
DA:895,0
DA:899,0
DA:901,0
DA:906,0
DA:908,0
DA:912,0
DA:915,0
DA:917,0
DA:921,0
DA:922,0
DA:923,0
DA:925,0
DA:928,0
DA:930,0
DA:931,0
DA:932,0
DA:935,0
DA:936,0
DA:941,0
DA:945,0
DA:946,0
DA:949,0
DA:951,0
DA:952,0
DA:956,0
DA:957,0
DA:958,0
DA:962,0
DA:964,0
DA:967,0
DA:968,0
DA:972,0
DA:975,0
DA:980,0
DA:985,0
DA:989,0
DA:990,0
DA:994,0
DA:1000,0
DA:1005,0
DA:1008,0
DA:1014,0
DA:1025,0
DA:1029,0
DA:1031,0
DA:1034,0
DA:1036,0
DA:1039,0
DA:1047,0
DA:1048,0
DA:1052,0
DA:1053,0
DA:1054,0
DA:1057,0
DA:1059,0
DA:1061,0
DA:1063,0
DA:1064,0
DA:1066,0
DA:1067,0
DA:1069,0
DA:1070,0
DA:1076,0
DA:1079,0
DA:1080,0
DA:1083,0
DA:1085,0
DA:1086,0
DA:1090,0
DA:1093,0
DA:1094,0
DA:1098,0
DA:1102,0
DA:1103,0
DA:1108,0
DA:1120,0
DA:1124,0
DA:1126,0
DA:1129,0
DA:1131,0
DA:1135,0
DA:1137,0
DA:1146,0
DA:1147,0
DA:1151,0
DA:1152,0
DA:1153,0
DA:1156,0
DA:1158,0
DA:1160,0
DA:1162,0
DA:1163,0
DA:1165,0
DA:1166,0
DA:1168,0
DA:1169,0
DA:1175,0
DA:1178,0
DA:1179,0
DA:1182,0
DA:1184,0
DA:1185,0
DA:1186,0
DA:1187,0
DA:1188,0
DA:1189,0
DA:1191,0
DA:1192,0
DA:1197,0
DA:1201,0
DA:1205,0
DA:1207,0
DA:1210,0
DA:1212,0
DA:1215,0
DA:1218,0
DA:1219,0
DA:1220,0
DA:1223,0
DA:1225,0
DA:1227,0
DA:1229,0
DA:1230,0
DA:1232,0
DA:1233,0
DA:1235,0
DA:1236,0
DA:1242,0
DA:1245,0
DA:1246,0
DA:1249,0
DA:1251,0
DA:1252,0
DA:1256,0
DA:1259,0
DA:1260,0
DA:1264,0
DA:1268,0
DA:1269,0
DA:1274,0
DA:1276,0
DA:1279,0
DA:1280,0
DA:1284,0
DA:1290,0
DA:1295,0
DA:1298,0
DA:1304,0
DA:1311,0
DA:1314,0
DA:1317,0
DA:1321,0
DA:1328,0
DA:1335,0
DA:1337,0
DA:1339,0
DA:1342,0
DA:1343,0
DA:1345,0
DA:1346,0
DA:1347,0
DA:1348,0
DA:1349,0
DA:1351,0
DA:1352,0
DA:1353,0
DA:1354,0
DA:1358,0
DA:1359,0
DA:1360,0
DA:1362,0
DA:1365,0
DA:1367,0
DA:1368,0
DA:1369,0
DA:1371,0
DA:1372,0
DA:1377,0
DA:1379,0
DA:1380,0
DA:1382,0
DA:1387,0
DA:1398,0
DA:1401,0
DA:1402,0
DA:1403,0
DA:1410,0
DA:1420,0
DA:1421,0
DA:1423,0
DA:1425,0
DA:1429,0
DA:1430,0
DA:1431,0
DA:1434,0
DA:1436,0
DA:1438,0
DA:1440,0
DA:1441,0
DA:1442,0
DA:1444,0
DA:1447,0
DA:1448,0
DA:1451,0
DA:1456,0
DA:1462,0
DA:1465,0
DA:1468,0
DA:1472,0
DA:1478,0
DA:1485,0
DA:1487,0
DA:1489,0
DA:1492,0
DA:1493,0
DA:1495,0
DA:1496,0
DA:1497,0
DA:1498,0
DA:1500,0
DA:1501,0
DA:1502,0
DA:1503,0
DA:1507,0
DA:1508,0
DA:1509,0
DA:1511,0
DA:1514,0
DA:1516,0
DA:1517,0
DA:1518,0
DA:1520,0
DA:1521,0
DA:1526,0
DA:1528,0
DA:1529,0
DA:1534,0
DA:1545,0
DA:1548,0
DA:1549,0
DA:1550,0
DA:1556,0
DA:1566,0
DA:1567,0
DA:1569,0
DA:1571,0
DA:1575,0
DA:1576,0
DA:1577,0
DA:1580,0
DA:1582,0
DA:1584,0
DA:1586,0
DA:1587,0
DA:1588,0
DA:1590,0
DA:1593,0
DA:1594,0
DA:1597,0
DA:1602,0
DA:1607,0
DA:1610,0
DA:1613,0
DA:1617,0
DA:1620,0
DA:1624,0
DA:1626,0
DA:1628,0
DA:1631,0
DA:1632,0
DA:1635,0
DA:1636,0
DA:1637,0
DA:1639,0
DA:1640,0
DA:1641,0
DA:1642,0
DA:1646,0
DA:1647,0
DA:1648,0
DA:1650,0
DA:1653,0
DA:1655,0
DA:1656,0
DA:1657,0
DA:1659,0
DA:1660,0
DA:1665,0
DA:1668,0
DA:1669,0
DA:1670,0
DA:1673,0
DA:1680,0
DA:1683,0
DA:1685,0
DA:1687,0
DA:1691,0
DA:1692,0
DA:1693,0
DA:1696,0
DA:1698,0
DA:1700,0
DA:1702,0
DA:1703,0
DA:1704,0
DA:1708,0
DA:1710,0
DA:1711,0
DA:1714,0
DA:1719,0
DA:1724,0
DA:1727,0
DA:1730,0
DA:1734,0
DA:1739,0
DA:1746,0
DA:1748,0
DA:1750,0
DA:1753,0
DA:1754,0
DA:1756,0
DA:1757,0
DA:1758,0
DA:1760,0
DA:1761,0
DA:1762,0
DA:1763,0
DA:1767,0
DA:1768,0
DA:1769,0
DA:1771,0
DA:1774,0
DA:1776,0
DA:1777,0
DA:1778,0
DA:1780,0
DA:1781,0
DA:1786,0
DA:1788,0
DA:1789,0
DA:1794,0
DA:1805,0
DA:1808,0
DA:1809,0
DA:1810,0
DA:1815,0
DA:1825,0
DA:1826,0
DA:1828,0
DA:1830,0
DA:1834,0
DA:1835,0
DA:1836,0
DA:1839,0
DA:1841,0
DA:1843,0
DA:1845,0
DA:1846,0
DA:1847,0
DA:1849,0
DA:1852,0
DA:1853,0
DA:1856,0
DA:1861,0
DA:1865,0
DA:1868,0
DA:1871,0
DA:1875,0
DA:1878,0
DA:1882,0
DA:1884,0
DA:1886,0
DA:1889,0
DA:1890,0
DA:1892,0
DA:1893,0
DA:1895,0
DA:1896,0
DA:1897,0
DA:1898,0
DA:1902,0
DA:1903,0
DA:1904,0
DA:1906,0
DA:1909,0
DA:1911,0
DA:1912,0
DA:1913,0
DA:1915,0
DA:1916,0
DA:1921,0
DA:1924,0
DA:1929,0
DA:1930,0
DA:1933,0
DA:1940,0
DA:1943,0
DA:1945,0
DA:1947,0
DA:1951,0
DA:1952,0
DA:1953,0
DA:1956,0
DA:1958,0
DA:1960,0
DA:1962,0
DA:1963,0
DA:1964,0
DA:1968,0
DA:1970,0
DA:1971,0
DA:1974,0
DA:1979,0
DA:1980,0
DA:1983,0
DA:1986,0
DA:1990,0
DA:1993,0
DA:2000,0
DA:2002,0
DA:2004,0
DA:2007,0
DA:2008,0
DA:2010,0
DA:2012,0
DA:2013,0
DA:2014,0
DA:2015,0
DA:2019,0
DA:2020,0
DA:2021,0
DA:2023,0
DA:2026,0
DA:2028,0
DA:2029,0
DA:2030,0
DA:2032,0
DA:2033,0
DA:2038,0
DA:2040,0
DA:2041,0
DA:2043,0
DA:2048,0
DA:2059,0
DA:2062,0
DA:2063,0
DA:2064,0
DA:2067,0
DA:2077,0
DA:2078,0
DA:2080,0
DA:2082,0
DA:2086,0
DA:2087,0
DA:2088,0
DA:2091,0
DA:2093,0
DA:2095,0
DA:2097,0
DA:2098,0
DA:2099,0
DA:2101,0
DA:2104,0
DA:2105,0
DA:2108,0
DA:2113,0
DA:2114,0
DA:2116,0
DA:2118,0
DA:2122,0
DA:2123,0
DA:2124,0
DA:2127,0
DA:2129,0
DA:2131,0
DA:2133,0
DA:2134,0
DA:2135,0
DA:2139,0
DA:2140,0
DA:2145,0
DA:2153,0
DA:2156,0
DA:2157,0
DA:2160,0
DA:2165,0
DA:2166,0
DA:2167,0
DA:2168,0
DA:2169,0
DA:2170,0
DA:2171,0
DA:2172,0
LF:809
LH:51
end_of_record
SF:lib\services\database_service.dart
DA:14,1
DA:16,1
DA:20,1
DA:21,2
DA:23,2
DA:25,1
DA:33,0
DA:34,0
DA:37,0
DA:51,0
DA:67,0
DA:77,0
DA:87,0
DA:102,0
DA:112,0
DA:122,0
DA:133,0
DA:143,0
DA:153,0
DA:163,0
DA:175,0
DA:190,0
DA:215,0
DA:237,0
DA:250,0
DA:271,0
DA:290,0
DA:309,0
DA:326,0
DA:346,0
DA:349,0
DA:350,0
DA:352,0
DA:354,0
DA:364,0
DA:374,0
DA:389,0
DA:399,0
DA:409,0
DA:420,0
DA:430,0
DA:440,0
DA:450,0
DA:461,0
DA:464,0
DA:466,0
DA:480,0
DA:500,0
DA:503,0
DA:505,0
DA:526,0
DA:529,0
DA:531,0
DA:535,0
DA:538,0
DA:540,0
DA:552,0
DA:555,0
DA:557,0
DA:577,0
DA:595,0
DA:613,0
DA:633,0
DA:636,0
DA:638,0
DA:642,0
DA:646,0
DA:650,0
DA:654,0
DA:658,0
DA:661,0
DA:663,0
DA:667,0
DA:671,0
DA:674,0
DA:676,0
DA:683,0
DA:684,0
DA:686,0
DA:689,0
DA:692,0
DA:694,0
DA:696,0
DA:699,0
DA:700,0
DA:702,0
DA:703,0
DA:705,0
DA:708,0
DA:709,0
DA:711,0
DA:714,0
DA:718,0
DA:721,0
DA:723,0
DA:739,0
DA:744,1
DA:746,3
DA:748,1
DA:749,1
DA:750,1
DA:751,1
DA:752,1
DA:753,1
DA:754,1
DA:755,2
DA:760,1
DA:763,1
DA:769,3
DA:771,0
DA:776,1
DA:778,1
DA:780,1
DA:781,1
DA:787,1
DA:788,0
DA:792,2
DA:793,2
DA:794,2
DA:795,2
DA:796,2
DA:797,2
DA:800,3
DA:803,0
DA:808,0
DA:810,0
DA:811,0
DA:813,0
DA:818,0
DA:819,0
DA:821,0
DA:826,1
DA:828,2
DA:830,1
DA:831,1
DA:833,1
DA:835,2
DA:840,3
DA:841,2
DA:845,2
DA:846,2
DA:848,0
DA:854,0
DA:856,0
DA:858,0
DA:859,0
DA:862,0
DA:865,0
DA:869,0
DA:872,0
DA:874,0
DA:877,0
DA:881,0
DA:882,0
DA:883,0
DA:884,0
DA:885,0
DA:886,0
DA:887,0
DA:888,0
DA:889,0
DA:890,0
DA:891,0
DA:892,0
DA:893,0
DA:894,0
DA:895,0
DA:896,0
DA:899,0
DA:904,0
DA:906,0
DA:908,0
DA:913,0
DA:915,0
DA:917,0
DA:918,0
DA:923,0
DA:925,0
DA:926,0
DA:927,0
DA:930,0
DA:931,0
DA:932,0
DA:933,0
DA:934,0
DA:935,0
DA:936,0
DA:937,0
DA:940,0
DA:942,0
DA:945,0
DA:946,0
DA:950,0
DA:952,0
DA:953,0
DA:955,0
DA:960,0
DA:961,0
DA:963,0
DA:969,1
DA:971,1
DA:973,1
DA:974,1
DA:975,1
DA:978,1
DA:979,1
DA:980,1
DA:981,1
DA:982,1
DA:983,1
DA:984,1
DA:985,1
DA:986,1
DA:987,1
DA:989,1
DA:991,0
DA:999,0
DA:1001,0
DA:1003,0
DA:1004,0
DA:1007,0
DA:1009,0
DA:1010,0
DA:1011,0
DA:1012,0
DA:1013,0
DA:1014,0
DA:1019,0
DA:1020,0
DA:1022,0
DA:1027,0
DA:1029,0
DA:1031,0
DA:1032,0
DA:1034,0
DA:1035,0
DA:1036,0
DA:1037,0
DA:1038,0
DA:1040,0
DA:1043,0
DA:1044,0
DA:1049,0
DA:1051,0
DA:1053,0
DA:1054,0
DA:1056,0
DA:1058,0
DA:1059,0
DA:1060,0
DA:1061,0
DA:1062,0
DA:1063,0
DA:1067,0
DA:1068,0
DA:1070,0
DA:1075,0
DA:1077,0
DA:1079,0
DA:1080,0
DA:1082,0
DA:1083,0
DA:1084,0
DA:1085,0
DA:1086,0
DA:1088,0
DA:1091,0
DA:1092,0
DA:1097,0
DA:1099,0
DA:1101,0
DA:1102,0
DA:1104,0
DA:1106,0
DA:1107,0
DA:1108,0
DA:1109,0
DA:1110,0
DA:1111,0
DA:1112,0
DA:1113,0
DA:1114,0
DA:1115,0
DA:1116,0
DA:1120,0
DA:1121,0
DA:1123,0
DA:1128,0
DA:1130,0
DA:1132,0
DA:1133,0
DA:1135,0
DA:1136,0
DA:1137,0
DA:1138,0
DA:1139,0
DA:1140,0
DA:1141,0
DA:1142,0
DA:1143,0
DA:1144,0
DA:1145,0
DA:1147,0
DA:1149,0
DA:1152,0
DA:1153,0
DA:1158,0
DA:1164,0
DA:1166,0
DA:1167,0
DA:1171,0
DA:1173,0
DA:1174,0
DA:1175,0
DA:1176,0
DA:1177,0
DA:1180,0
DA:1181,0
DA:1183,0
DA:1188,0
DA:1194,0
DA:1196,0
DA:1197,0
DA:1199,0
DA:1201,0
DA:1204,0
DA:1205,0
DA:1210,0
DA:1211,0
DA:1214,0
DA:1215,0
DA:1216,0
DA:1217,0
DA:1222,0
DA:1223,0
DA:1225,0
DA:1226,0
DA:1227,0
DA:1228,0
DA:1235,0
DA:1236,0
DA:1239,0
DA:1240,0
DA:1241,0
DA:1242,0
DA:1247,0
DA:1248,0
DA:1250,0
DA:1251,0
DA:1252,0
DA:1253,0
DA:1260,0
DA:1261,0
DA:1264,0
DA:1265,0
DA:1266,0
DA:1267,0
DA:1268,0
DA:1273,0
DA:1274,0
DA:1276,0
DA:1277,0
DA:1278,0
DA:1279,0
DA:1280,0
DA:1287,0
DA:1288,0
DA:1291,0
DA:1292,0
DA:1293,0
DA:1294,0
DA:1299,0
DA:1300,0
DA:1302,0
DA:1303,0
DA:1304,0
DA:1305,0
DA:1312,0
DA:1313,0
DA:1316,0
DA:1317,0
DA:1318,0
DA:1319,0
DA:1324,0
DA:1325,0
DA:1327,0
DA:1328,0
DA:1329,0
DA:1330,0
DA:1337,0
DA:1338,0
DA:1341,0
DA:1342,0
DA:1343,0
DA:1344,0
DA:1349,0
DA:1350,0
DA:1352,0
DA:1353,0
DA:1354,0
DA:1355,0
DA:1362,0
DA:1363,0
DA:1366,0
DA:1367,0
DA:1368,0
DA:1369,0
DA:1370,0
DA:1375,0
DA:1376,0
DA:1378,0
DA:1379,0
DA:1380,0
DA:1381,0
DA:1382,0
DA:1389,0
DA:1391,0
DA:1393,0
DA:1394,0
DA:1395,0
DA:1398,0
DA:1400,0
DA:1401,0
DA:1402,0
DA:1403,0
DA:1404,0
DA:1405,0
DA:1406,0
DA:1407,0
DA:1408,0
DA:1409,0
DA:1410,0
DA:1411,0
DA:1412,0
DA:1413,0
DA:1414,0
DA:1415,0
DA:1421,0
DA:1422,0
DA:1424,0
DA:1429,0
DA:1431,0
DA:1433,0
DA:1434,0
DA:1436,0
DA:1437,0
DA:1438,0
DA:1439,0
DA:1440,0
DA:1441,0
DA:1442,0
DA:1443,0
DA:1444,0
DA:1445,0
DA:1446,0
DA:1447,0
DA:1448,0
DA:1449,0
DA:1450,0
DA:1451,0
DA:1453,0
DA:1456,0
DA:1457,0
DA:1462,0
DA:1464,0
DA:1465,0
DA:1467,0
DA:1472,0
DA:1473,0
DA:1475,0
DA:1481,0
DA:1483,0
DA:1485,0
DA:1486,0
DA:1487,0
DA:1489,0
DA:1490,0
DA:1492,0
DA:1493,0
DA:1494,0
DA:1495,0
DA:1496,0
DA:1497,0
DA:1498,0
DA:1499,0
DA:1500,0
DA:1501,0
DA:1502,0
DA:1503,0
DA:1504,0
DA:1505,0
DA:1506,0
DA:1507,0
DA:1508,0
DA:1509,0
DA:1510,0
DA:1511,0
DA:1512,0
DA:1513,0
DA:1522,0
DA:1523,0
DA:1525,0
DA:1530,0
DA:1532,0
DA:1534,0
DA:1536,0
DA:1540,0
DA:1543,0
DA:1545,0
DA:1546,0
DA:1550,0
DA:1552,0
DA:1553,0
DA:1555,0
DA:1556,0
DA:1558,0
DA:1559,0
DA:1560,0
DA:1561,0
DA:1562,0
DA:1563,0
DA:1564,0
DA:1565,0
DA:1570,0
DA:1571,0
DA:1572,0
DA:1573,0
DA:1574,0
DA:1575,0
DA:1576,0
DA:1579,0
DA:1581,0
DA:1584,0
DA:1585,0
DA:1589,0
DA:1591,0
DA:1592,0
DA:1594,0
DA:1599,0
DA:1600,0
DA:1602,0
DA:1608,0
DA:1610,0
DA:1612,0
DA:1613,0
DA:1614,0
DA:1616,0
DA:1618,0
DA:1621,0
DA:1626,0
DA:1627,0
DA:1631,0
DA:1633,0
DA:1634,0
DA:1635,0
DA:1636,0
DA:1637,0
DA:1638,0
DA:1639,0
DA:1640,0
DA:1641,0
DA:1642,0
DA:1643,0
DA:1644,0
DA:1645,0
DA:1646,0
DA:1647,0
DA:1648,0
DA:1649,0
DA:1650,0
DA:1651,0
DA:1653,0
DA:1654,0
DA:1655,0
DA:1656,0
DA:1657,0
DA:1658,0
DA:1659,0
DA:1660,0
DA:1661,0
DA:1662,0
DA:1671,0
DA:1672,0
DA:1674,0
DA:1679,0
DA:1681,0
DA:1683,0
DA:1685,0
DA:1689,0
DA:1692,0
DA:1693,0
DA:1695,0
DA:1696,0
DA:1700,0
DA:1702,0
DA:1703,0
DA:1707,0
DA:1709,0
DA:1710,0
DA:1711,0
DA:1712,0
DA:1713,0
DA:1714,0
DA:1715,0
DA:1716,0
DA:1717,0
DA:1722,0
DA:1723,0
DA:1724,0
DA:1725,0
DA:1726,0
DA:1727,0
DA:1728,0
DA:1729,0
DA:1730,0
DA:1731,0
DA:1732,0
DA:1733,0
DA:1737,0
DA:1738,0
DA:1739,0
DA:1740,0
DA:1741,0
DA:1742,0
DA:1743,0
DA:1744,0
DA:1745,0
DA:1746,0
DA:1747,0
DA:1748,0
DA:1752,0
DA:1754,0
DA:1757,0
DA:1758,0
DA:1762,0
DA:1764,0
DA:1765,0
DA:1767,0
DA:1772,0
DA:1773,0
DA:1775,0
DA:1781,0
DA:1793,0
DA:1795,0
DA:1796,0
DA:1799,0
DA:1801,0
DA:1803,0
DA:1812,0
DA:1813,0
DA:1828,0
DA:1830,0
DA:1835,0
DA:1848,0
DA:1850,0
DA:1851,0
DA:1854,0
DA:1857,0
DA:1863,0
DA:1864,0
DA:1866,0
DA:1868,0
DA:1872,0
DA:1874,0
DA:1888,0
DA:1892,0
DA:1895,0
DA:1897,0
DA:1902,0
DA:1904,0
DA:1906,0
DA:1907,0
DA:1910,0
DA:1914,0
DA:1917,0
DA:1918,0
DA:1922,0
DA:1924,0
DA:1925,0
DA:1927,0
DA:1929,0
DA:1933,0
DA:1937,0
DA:1938,0
DA:1940,0
DA:1945,0
DA:1947,0
DA:1949,0
DA:1952,0
DA:1953,0
DA:1955,0
DA:1960,0
DA:1964,0
DA:1967,0
DA:1968,0
DA:1971,0
DA:1974,0
DA:1977,0
DA:1978,0
DA:1979,0
DA:1981,0
DA:1982,0
DA:1983,0
DA:1986,0
DA:1991,0
DA:1993,0
DA:1998,0
DA:2000,0
DA:2002,0
DA:2004,0
DA:2006,0
DA:2010,0
DA:2014,0
DA:2017,0
DA:2018,0
DA:2021,0
DA:2023,0
DA:2028,0
DA:2030,0
DA:2032,0
DA:2034,0
DA:2036,0
DA:2040,0
DA:2044,0
DA:2047,0
DA:2048,0
DA:2051,0
DA:2053,0
DA:2058,0
DA:2060,0
DA:2062,0
DA:2063,0
DA:2066,0
DA:2069,0
DA:2073,0
DA:2074,0
DA:2076,0
DA:2077,0
DA:2078,0
DA:2079,0
DA:2085,0
DA:2088,0
DA:2092,0
DA:2093,0
DA:2095,0
DA:2096,0
DA:2097,0
DA:2098,0
DA:2104,0
DA:2107,0
DA:2111,0
DA:2112,0
DA:2114,0
DA:2115,0
DA:2116,0
DA:2117,0
DA:2123,0
DA:2126,0
DA:2130,0
DA:2131,0
DA:2133,0
DA:2134,0
DA:2135,0
DA:2136,0
DA:2142,0
DA:2145,0
DA:2149,0
DA:2150,0
DA:2152,0
DA:2153,0
DA:2154,0
DA:2155,0
DA:2161,0
DA:2164,0
DA:2168,0
DA:2169,0
DA:2171,0
DA:2172,0
DA:2173,0
DA:2174,0
DA:2180,0
DA:2182,0
DA:2185,0
DA:2186,0
DA:2191,0
DA:2193,0
DA:2195,0
DA:2197,0
DA:2199,0
DA:2200,0
DA:2201,0
DA:2202,0
DA:2203,0
DA:2204,0
DA:2205,0
DA:2210,0
DA:2212,0
DA:2217,0
DA:2219,0
DA:2221,0
DA:2222,0
DA:2225,0
DA:2229,0
DA:2230,0
DA:2234,0
DA:2237,0
DA:2238,0
DA:2239,0
DA:2240,0
DA:2241,0
DA:2245,0
DA:2246,0
DA:2247,0
DA:2249,0
DA:2250,0
DA:2251,0
DA:2252,0
DA:2253,0
DA:2254,0
DA:2255,0
DA:2256,0
DA:2257,0
DA:2258,0
DA:2259,0
DA:2260,0
DA:2261,0
DA:2262,0
DA:2263,0
DA:2270,0
DA:2273,0
DA:2281,0
DA:2283,0
DA:2285,0
DA:2286,0
DA:2287,0
DA:2289,0
DA:2290,0
DA:2292,0
DA:2293,0
DA:2294,0
DA:2295,0
DA:2296,0
DA:2297,0
DA:2298,0
DA:2299,0
DA:2300,0
DA:2301,0
DA:2302,0
DA:2310,0
DA:2311,0
DA:2313,0
DA:2318,0
DA:2320,0
DA:2321,0
DA:2323,0
DA:2328,0
DA:2329,0
DA:2331,0
DA:2336,0
DA:2344,0
DA:2347,0
DA:2350,0
DA:2351,0
DA:2355,0
DA:2356,0
DA:2357,0
DA:2361,0
DA:2362,0
DA:2363,0
DA:2367,0
DA:2368,0
DA:2369,0
DA:2373,0
DA:2374,0
DA:2375,0
DA:2378,0
DA:2380,0
DA:2381,0
DA:2385,0
DA:2386,0
DA:2387,0
DA:2388,0
DA:2389,0
DA:2390,0
DA:2391,0
DA:2392,0
DA:2393,0
DA:2394,0
DA:2395,0
DA:2396,0
DA:2398,0
DA:2401,0
DA:2402,0
DA:2407,0
DA:2409,0
DA:2411,0
DA:2412,0
DA:2413,0
DA:2415,0
DA:2416,0
DA:2418,0
DA:2419,0
DA:2420,0
DA:2421,0
DA:2422,0
DA:2423,0
DA:2424,0
DA:2425,0
DA:2426,0
DA:2434,0
DA:2435,0
DA:2437,0
DA:2442,0
DA:2444,0
DA:2445,0
DA:2447,0
DA:2452,0
DA:2453,0
DA:2455,0
DA:2460,0
DA:2467,0
DA:2470,0
DA:2473,0
DA:2474,0
DA:2478,0
DA:2479,0
DA:2480,0
DA:2484,0
DA:2485,0
DA:2486,0
DA:2490,0
DA:2491,0
DA:2492,0
DA:2495,0
DA:2497,0
DA:2498,0
DA:2502,0
DA:2503,0
DA:2504,0
DA:2505,0
DA:2506,0
DA:2507,0
DA:2508,0
DA:2509,0
DA:2510,0
DA:2511,0
DA:2513,0
DA:2516,0
DA:2517,0
DA:2522,0
DA:2524,0
DA:2526,0
DA:2527,0
DA:2528,0
DA:2530,0
DA:2531,0
DA:2533,0
DA:2534,0
DA:2535,0
DA:2536,0
DA:2537,0
DA:2538,0
DA:2539,0
DA:2540,0
DA:2541,0
DA:2549,0
DA:2550,0
DA:2552,0
DA:2557,0
DA:2559,0
DA:2560,0
DA:2562,0
DA:2567,0
DA:2568,0
DA:2570,0
DA:2575,0
DA:2581,0
DA:2584,0
DA:2587,0
DA:2588,0
DA:2592,0
DA:2593,0
DA:2594,0
DA:2598,0
DA:2599,0
DA:2600,0
DA:2603,0
DA:2605,0
DA:2606,0
DA:2610,0
DA:2611,0
DA:2612,0
DA:2613,0
DA:2614,0
DA:2615,0
DA:2616,0
DA:2617,0
DA:2618,0
DA:2619,0
DA:2621,0
DA:2624,0
DA:2625,0
DA:2630,0
DA:2632,0
DA:2634,0
DA:2635,0
DA:2636,0
DA:2638,0
DA:2639,0
DA:2641,0
DA:2642,0
DA:2643,0
DA:2644,0
DA:2645,0
DA:2646,0
DA:2647,0
DA:2648,0
DA:2649,0
DA:2650,0
DA:2651,0
DA:2659,0
DA:2660,0
DA:2662,0
DA:2667,0
DA:2669,0
DA:2670,0
DA:2672,0
DA:2677,0
DA:2678,0
DA:2680,0
DA:2685,0
DA:2687,0
DA:2690,0
DA:2694,0
DA:2697,0
DA:2699,0
DA:2700,0
DA:2704,0
DA:2705,0
DA:2706,0
DA:2707,0
DA:2708,0
DA:2709,0
DA:2710,0
DA:2711,0
DA:2712,0
DA:2713,0
DA:2714,0
DA:2716,0
DA:2718,0
DA:2721,0
DA:2722,0
DA:2727,0
DA:2737,0
DA:2739,0
DA:2740,0
DA:2741,0
DA:2744,0
DA:2746,0
DA:2748,0
DA:2768,0
DA:2770,0
DA:2775,0
DA:2786,0
DA:2788,0
DA:2789,0
DA:2792,0
DA:2795,0
DA:2801,0
DA:2802,0
DA:2804,0
DA:2806,0
DA:2810,0
DA:2812,0
DA:2824,0
DA:2828,0
DA:2831,0
DA:2833,0
DA:2838,0
DA:2840,0
DA:2842,0
DA:2843,0
DA:2846,0
DA:2850,0
DA:2853,0
DA:2854,0
DA:2858,0
DA:2860,0
DA:2862,0
DA:2865,0
DA:2866,0
DA:2868,0
DA:2873,0
DA:2877,0
DA:2880,0
DA:2881,0
DA:2884,0
DA:2887,0
DA:2890,0
DA:2891,0
DA:2892,0
DA:2894,0
DA:2895,0
DA:2896,0
DA:2899,0
DA:2904,0
DA:2906,0
DA:2912,0
DA:2922,0
DA:2924,0
DA:2925,0
DA:2928,0
DA:2930,0
DA:2932,0
DA:2939,0
DA:2940,0
DA:2952,0
DA:2954,0
DA:2959,0
DA:2961,0
DA:2963,0
DA:2964,0
DA:2967,0
DA:2971,0
DA:2974,0
DA:2975,0
DA:2979,0
DA:2981,0
DA:2983,0
DA:2986,0
DA:2987,0
DA:2989,0
DA:2994,0
DA:2998,0
DA:3001,0
DA:3002,0
DA:3003,0
DA:3007,0
DA:3009,0
DA:3015,0
DA:3023,0
DA:3025,0
DA:3026,0
DA:3029,0
DA:3031,0
DA:3033,0
DA:3038,0
DA:3039,0
DA:3051,0
DA:3053,0
DA:3058,0
DA:3060,0
DA:3062,0
DA:3063,0
DA:3066,0
DA:3070,0
DA:3073,0
DA:3074,0
DA:3078,0
DA:3080,0
DA:3082,0
DA:3085,0
DA:3086,0
DA:3088,0
DA:3093,0
DA:3097,0
DA:3100,0
DA:3101,0
DA:3102,0
DA:3106,0
DA:3108,0
DA:3114,0
DA:3122,0
DA:3124,0
DA:3125,0
DA:3128,0
DA:3130,0
DA:3132,0
DA:3137,0
DA:3138,0
DA:3150,0
DA:3152,0
DA:3157,0
DA:3159,0
DA:3161,0
DA:3162,0
DA:3165,0
DA:3169,0
DA:3172,0
DA:3173,0
DA:3177,0
DA:3179,0
DA:3181,0
DA:3184,0
DA:3185,0
DA:3187,0
DA:3192,0
DA:3196,0
DA:3199,0
DA:3200,0
DA:3201,0
DA:3205,0
DA:3207,0
DA:3213,0
DA:3219,0
DA:3221,0
DA:3222,0
DA:3225,0
DA:3227,0
DA:3229,0
DA:3233,0
DA:3234,0
DA:3245,0
DA:3247,0
DA:3252,0
DA:3254,0
DA:3256,0
DA:3257,0
DA:3260,0
DA:3264,0
DA:3267,0
DA:3268,0
DA:3272,0
DA:3274,0
DA:3276,0
DA:3279,0
DA:3280,0
DA:3282,0
DA:3287,0
DA:3291,0
DA:3294,0
DA:3295,0
DA:3296,0
DA:3300,0
DA:3302,0
LF:1235
LH:57
end_of_record
SF:lib\models\user.dart
DA:8,1
DA:16,1
DA:17,1
DA:18,1
DA:19,1
DA:20,1
DA:21,1
DA:22,1
DA:26,1
DA:27,1
DA:28,1
DA:29,1
DA:30,1
DA:31,1
DA:32,1
DA:44,1
DA:52,0
DA:53,0
DA:54,0
DA:55,0
DA:56,0
DA:57,0
DA:58,0
LF:23
LH:16
end_of_record
SF:lib\config\app_config.dart
DA:4,0
DA:5,0
DA:8,0
DA:9,0
DA:10,0
DA:11,0
DA:12,0
DA:13,0
DA:14,0
DA:17,0
DA:18,0
DA:19,0
DA:20,0
DA:21,0
DA:22,0
LF:15
LH:0
end_of_record
SF:lib\models\farm_management_models.dart
DA:16,0
DA:29,0
DA:30,0
DA:31,0
DA:32,0
DA:33,0
DA:34,0
DA:35,0
DA:36,0
DA:37,0
DA:38,0
DA:39,0
DA:40,0
DA:44,0
DA:45,0
DA:46,0
DA:47,0
DA:48,0
DA:49,0
DA:50,0
DA:51,0
DA:52,0
DA:68,0
DA:79,0
DA:80,0
DA:81,0
DA:82,0
DA:83,0
DA:84,0
DA:85,0
DA:86,0
DA:87,0
DA:88,0
DA:92,0
DA:93,0
DA:94,0
DA:95,0
DA:96,0
DA:97,0
DA:98,0
DA:112,0
DA:121,0
DA:122,0
DA:123,0
DA:124,0
DA:125,0
DA:126,0
DA:127,0
DA:128,0
DA:132,0
DA:133,0
DA:134,0
DA:135,0
DA:136,0
DA:152,0
DA:163,0
DA:164,0
DA:165,0
DA:166,0
DA:167,0
DA:168,0
DA:169,0
DA:170,0
DA:171,0
DA:172,0
DA:176,0
DA:177,0
DA:178,0
DA:179,0
DA:180,0
DA:181,0
DA:182,0
DA:202,0
DA:217,0
DA:218,0
DA:219,0
DA:220,0
DA:221,0
DA:222,0
DA:223,0
DA:224,0
DA:225,0
DA:226,0
DA:227,0
DA:228,0
DA:229,0
DA:230,0
DA:234,0
DA:235,0
DA:236,0
DA:237,0
DA:238,0
DA:239,0
DA:240,0
DA:241,0
DA:242,0
DA:243,0
DA:244,0
DA:263,0
DA:277,0
DA:278,0
DA:279,0
DA:280,0
DA:281,0
DA:282,0
DA:283,0
DA:284,0
DA:285,0
DA:286,0
DA:287,0
DA:288,0
DA:289,0
DA:293,0
DA:294,0
DA:295,0
DA:296,0
DA:297,0
DA:298,0
DA:299,0
DA:300,0
DA:301,0
DA:312,0
DA:318,0
DA:319,0
DA:320,0
DA:322,0
DA:323,0
DA:324,0
DA:335,0
DA:341,0
DA:342,0
DA:343,0
DA:345,0
DA:346,0
DA:347,0
DA:358,0
DA:364,0
DA:365,0
DA:366,0
DA:368,0
DA:369,0
DA:370,0
DA:381,0
DA:387,0
DA:388,0
DA:389,0
DA:391,0
DA:392,0
DA:393,0
DA:404,0
DA:410,0
DA:411,0
DA:412,0
DA:414,0
DA:415,0
DA:416,0
DA:427,0
DA:433,0
DA:434,0
DA:435,0
DA:437,0
DA:438,0
DA:439,0
LF:163
LH:0
end_of_record
SF:lib\services\connectivity_service.dart
DA:9,0
DA:13,0
DA:14,0
DA:15,0
DA:18,0
DA:21,0
DA:22,0
DA:25,0
DA:28,0
DA:32,0
DA:34,0
DA:37,0
DA:38,0
DA:41,0
DA:48,0
DA:54,0
DA:55,0
DA:56,0
DA:62,0
DA:72,0
DA:73,0
DA:74,0
DA:77,0
DA:78,0
DA:82,0
DA:84,0
DA:85,0
DA:91,0
DA:92,0
DA:93,0
DA:95,0
DA:98,0
DA:99,0
DA:100,0
DA:105,0
DA:106,0
DA:108,0
DA:109,0
DA:110,0
DA:115,0
DA:120,0
DA:121,0
LF:42
LH:0
end_of_record
SF:lib\services\logging_service.dart
DA:8,1
DA:9,1
DA:12,1
DA:13,1
DA:16,1
DA:17,1
DA:20,1
DA:21,1
DA:24,1
DA:26,2
DA:27,2
DA:29,1
DA:32,1
DA:35,1
DA:37,1
DA:38,1
DA:44,1
DA:46,1
DA:48,1
DA:50,1
DA:52,1
LF:21
LH:21
end_of_record
